<?xml version="1.0" encoding="UTF-8" ?>
<testsuite tests="3" failures="0" name="util.TrilateracionTest" time="0" errors="0" skipped="3">
  <properties>
[...]
</properties>
  <testcase classname="util.TrilateracionTest" name="primerMensajeUbicacion" time="0">
    <skipped/>
  </testcase>
  <testcase classname="util.TrilateracionTest" name="segundoMensajeUbicacion" time="0">
    <skipped/>
  </testcase>
  <testcase classname="util.TrilateracionTest" name="tercerMensajeUbicacion" time="0">
    <skipped/>
  </testcase>
</testsuite>